<?xml version="1.0" encoding="UTF-8"?>
<testng-results ignored="0" total="1" passed="1" failed="0" skipped="0">
  <reporter-output>
  </reporter-output>
  <suite started-at="2019-12-31T07:09:10Z" name="Default suite" finished-at="2019-12-31T07:09:12Z" duration-ms="1420">
    <groups>
    </groups>
    <test started-at="2019-12-31T07:09:10Z" name="Default test" finished-at="2019-12-31T07:09:12Z" duration-ms="1420">
      <class name="com.qa.test.PostApiTest">
        <test-method is-config="true" signature="setup()[pri:0, instance:com.qa.test.PostApiTest@45c7e403]" started-at="2019-12-31T07:09:10Z" name="setup" finished-at="2019-12-31T07:09:10Z" duration-ms="5" status="PASS">
          <reporter-output>
          </reporter-output>
        </test-method> <!-- setup -->
        <test-method signature="postApiTest()[pri:0, instance:com.qa.test.PostApiTest@45c7e403]" started-at="2019-12-31T07:09:10Z" name="postApiTest" finished-at="2019-12-31T07:09:12Z" duration-ms="1391" status="PASS">
          <reporter-output>
          </reporter-output>
        </test-method> <!-- postApiTest -->
      </class> <!-- com.qa.test.PostApiTest -->
    </test> <!-- Default test -->
  </suite> <!-- Default suite -->
</testng-results>
