<?xml version="1.0" encoding="UTF-8"?>
<testng-results ignored="0" total="1" passed="1" failed="0" skipped="0">
  <reporter-output>
  </reporter-output>
  <suite started-at="2019-12-17T08:40:59Z" name="Suite" finished-at="2019-12-17T08:41:14Z" duration-ms="15664">
    <groups>
    </groups>
    <test started-at="2019-12-17T08:40:59Z" name="Test" finished-at="2019-12-17T08:41:14Z" duration-ms="15664">
      <class name="com.test.logintest">
        <test-method is-config="true" signature="setup()[pri:0, instance:com.test.logintest@661972b0]" started-at="2019-12-17T08:40:59Z" name="setup" finished-at="2019-12-17T08:41:13Z" duration-ms="14804" status="PASS">
          <reporter-output>
          </reporter-output>
        </test-method> <!-- setup -->
        <test-method signature="titletest()[pri:1, instance:com.test.logintest@661972b0]" started-at="2019-12-17T08:41:13Z" name="titletest" finished-at="2019-12-17T08:41:13Z" duration-ms="52" status="PASS">
          <reporter-output>
          </reporter-output>
        </test-method> <!-- titletest -->
        <test-method is-config="true" signature="teardown()[pri:0, instance:com.test.logintest@661972b0]" started-at="2019-12-17T08:41:13Z" name="teardown" finished-at="2019-12-17T08:41:14Z" duration-ms="787" status="PASS">
          <reporter-output>
          </reporter-output>
        </test-method> <!-- teardown -->
      </class> <!-- com.test.logintest -->
    </test> <!-- Test -->
  </suite> <!-- Suite -->
</testng-results>
