<?xml version="1.0" encoding="UTF-8"?>
<testng-results skipped="0" failed="0" ignored="0" total="2" passed="2">
  <reporter-output>
  </reporter-output>
  <suite name="Suite" duration-ms="31" started-at="2020-01-08T12:15:54Z" finished-at="2020-01-08T12:15:54Z">
    <groups>
    </groups>
    <test name="Test" duration-ms="31" started-at="2020-01-08T12:15:54Z" finished-at="2020-01-08T12:15:54Z">
      <class name="OverloadMethods.Load2">
        <test-method status="PASS" signature="test1(java.lang.String, java.lang.String)[pri:0, instance:OverloadMethods.Load2@51565ec2]" name="test1" duration-ms="15" started-at="2020-01-08T12:15:54Z" finished-at="2020-01-08T12:15:54Z">
          <params>
            <param index="0">
              <value>
                <![CDATA[preethi]]>
              </value>
            </param>
            <param index="1">
              <value>
                <![CDATA[chrome]]>
              </value>
            </param>
          </params>
          <reporter-output>
          </reporter-output>
        </test-method> <!-- test1 -->
        <test-method status="PASS" signature="test1(java.lang.String)[pri:0, instance:OverloadMethods.Load2@51565ec2]" name="test1" duration-ms="0" started-at="2020-01-08T12:15:54Z" finished-at="2020-01-08T12:15:54Z">
          <params>
            <param index="0">
              <value>
                <![CDATA[chrome]]>
              </value>
            </param>
          </params>
          <reporter-output>
          </reporter-output>
        </test-method> <!-- test1 -->
      </class> <!-- OverloadMethods.Load2 -->
    </test> <!-- Test -->
  </suite> <!-- Suite -->
</testng-results>
