<?xml version="1.0" encoding="UTF-8"?>
<testng-results ignored="0" total="1" passed="1" failed="0" skipped="0">
  <reporter-output>
  </reporter-output>
  <suite started-at="2020-01-07T09:00:12Z" name="Default suite" finished-at="2020-01-07T09:00:14Z" duration-ms="2042">
    <groups>
    </groups>
    <test started-at="2020-01-07T09:00:12Z" name="Default test" finished-at="2020-01-07T09:00:14Z" duration-ms="2042">
      <class name="com.qa.rest.test.GetcallBDD">
        <test-method signature="test1()[pri:0, instance:com.qa.rest.test.GetcallBDD@2925bf5b]" started-at="2020-01-07T09:00:12Z" name="test1" finished-at="2020-01-07T09:00:14Z" duration-ms="2019" status="PASS">
          <reporter-output>
          </reporter-output>
        </test-method> <!-- test1 -->
      </class> <!-- com.qa.rest.test.GetcallBDD -->
    </test> <!-- Default test -->
  </suite> <!-- Default suite -->
</testng-results>
