<?xml version="1.0" encoding="UTF-8"?>
<testng-results ignored="0" total="1" passed="1" failed="0" skipped="0">
  <reporter-output>
  </reporter-output>
  <suite started-at="2019-10-25T12:30:23Z" name="Default suite" finished-at="2019-10-25T12:30:28Z" duration-ms="4978">
    <groups>
    </groups>
    <test started-at="2019-10-25T12:30:23Z" name="Default test" finished-at="2019-10-25T12:30:28Z" duration-ms="4978">
      <class name="CustomExpectedConditions.BaseClass">
        <test-method is-config="true" signature="Initialization()[pri:0, instance:CustomExpectedConditions.BaseClass@1e66f1f5]" started-at="2019-10-25T12:30:23Z" name="Initialization" finished-at="2019-10-25T12:30:28Z" duration-ms="4942" status="PASS">
          <reporter-output>
          </reporter-output>
        </test-method> <!-- Initialization -->
        <test-method signature="test1()[pri:0, instance:CustomExpectedConditions.BaseClass@1e66f1f5]" started-at="2019-10-25T12:30:28Z" name="test1" finished-at="2019-10-25T12:30:28Z" duration-ms="8" status="PASS">
          <reporter-output>
          </reporter-output>
        </test-method> <!-- test1 -->
      </class> <!-- CustomExpectedConditions.BaseClass -->
    </test> <!-- Default test -->
  </suite> <!-- Default suite -->
</testng-results>
