<?xml version="1.0" encoding="UTF-8"?>
<!-- Generated by org.testng.reporters.JUnitXMLReporter -->
<testsuite ignored="0" hostname="DESKTOP-MUG13MS" failures="1" tests="2" name="Test" time="9.83" errors="0" timestamp="24 Oct 2019 12:35:55 GMT">
  <testcase classname="ScreenShot_FailedTestCase.class1" name="test1" time="0.006">
    <failure type="java.lang.AssertionError" message="expected [false] but found [true]">
      <![CDATA[java.lang.AssertionError: expected [false] but found [true]
at ScreenShot_FailedTestCase.class1.test1(class1.java:19)
... Removed 31 stack frames]]>
    </failure>
  </testcase> <!-- test1 -->
  <testcase classname="ScreenShot_FailedTestCase.class1" name="test2" time="0.001"/>
</testsuite> <!-- Test -->
