<?xml version="1.0" encoding="UTF-8"?>
<testng-results ignored="0" total="1" passed="1" failed="0" skipped="0">
  <reporter-output>
  </reporter-output>
  <suite started-at="2020-01-07T06:05:17Z" name="Default suite" finished-at="2020-01-07T06:05:28Z" duration-ms="10984">
    <groups>
    </groups>
    <test started-at="2020-01-07T06:05:17Z" name="Default test" finished-at="2020-01-07T06:05:28Z" duration-ms="10984">
      <class name="Gridtest.ChromeGridtest">
        <test-method is-config="true" signature="setup()[pri:0, instance:Gridtest.ChromeGridtest@7bedc48a]" started-at="2020-01-07T06:05:17Z" name="setup" finished-at="2020-01-07T06:05:21Z" duration-ms="3884" status="PASS">
          <reporter-output>
          </reporter-output>
        </test-method> <!-- setup -->
        <test-method signature="testa()[pri:0, instance:Gridtest.ChromeGridtest@7bedc48a]" started-at="2020-01-07T06:05:21Z" name="testa" finished-at="2020-01-07T06:05:28Z" duration-ms="7031" status="PASS">
          <reporter-output>
          </reporter-output>
        </test-method> <!-- testa -->
        <test-method is-config="true" signature="teardown()[pri:0, instance:Gridtest.ChromeGridtest@7bedc48a]" started-at="2020-01-07T06:05:28Z" name="teardown" finished-at="2020-01-07T06:05:28Z" duration-ms="47" status="PASS">
          <reporter-output>
          </reporter-output>
        </test-method> <!-- teardown -->
      </class> <!-- Gridtest.ChromeGridtest -->
    </test> <!-- Default test -->
  </suite> <!-- Default suite -->
</testng-results>
