<?xml version="1.0" encoding="UTF-8"?>
<testng-results skipped="0" failed="0" ignored="0" total="1" passed="1">
  <reporter-output>
  </reporter-output>
  <suite name="Default suite" duration-ms="1366" started-at="2019-08-09T10:05:42Z" finished-at="2019-08-09T10:05:43Z">
    <groups>
    </groups>
    <test name="Default test" duration-ms="1366" started-at="2019-08-09T10:05:42Z" finished-at="2019-08-09T10:05:43Z">
      <class name="com.qa.test.GetApiTest">
        <test-method status="PASS" signature="Setup()[pri:0, instance:com.qa.test.GetApiTest@9629756]" name="Setup" is-config="true" duration-ms="5" started-at="2019-08-09T10:05:42Z" finished-at="2019-08-09T10:05:42Z">
          <reporter-output>
          </reporter-output>
        </test-method> <!-- Setup -->
        <test-method status="PASS" signature="getApiTest()[pri:0, instance:com.qa.test.GetApiTest@9629756]" name="getApiTest" duration-ms="1341" started-at="2019-08-09T10:05:42Z" finished-at="2019-08-09T10:05:43Z">
          <reporter-output>
          </reporter-output>
        </test-method> <!-- getApiTest -->
      </class> <!-- com.qa.test.GetApiTest -->
    </test> <!-- Default test -->
  </suite> <!-- Default suite -->
</testng-results>
