<?xml version="1.0" encoding="UTF-8"?>
<testng-results ignored="0" total="2" passed="2" failed="0" skipped="0">
  <reporter-output>
  </reporter-output>
  <suite started-at="2019-11-19T11:03:13Z" name="Default suite" finished-at="2019-11-19T11:03:27Z" duration-ms="13939">
    <groups>
    </groups>
    <test started-at="2019-11-19T11:03:13Z" name="Default test" finished-at="2019-11-19T11:03:27Z" duration-ms="13939">
      <class name="SeleniumTopics.ChromeDriverServicesExample">
        <test-method is-config="true" signature="startServer()[pri:0, instance:SeleniumTopics.ChromeDriverServicesExample@37ceb1df]" started-at="2019-11-19T11:03:13Z" name="startServer" finished-at="2019-11-19T11:03:14Z" duration-ms="620" status="PASS">
          <reporter-output>
          </reporter-output>
        </test-method> <!-- startServer -->
        <test-method is-config="true" signature="startBrowser()[pri:0, instance:SeleniumTopics.ChromeDriverServicesExample@37ceb1df]" started-at="2019-11-19T11:03:14Z" name="startBrowser" finished-at="2019-11-19T11:03:17Z" duration-ms="3168" status="PASS">
          <reporter-output>
          </reporter-output>
        </test-method> <!-- startBrowser -->
        <test-method signature="launchFacebook()[pri:0, instance:SeleniumTopics.ChromeDriverServicesExample@37ceb1df]" started-at="2019-11-19T11:03:17Z" name="launchFacebook" finished-at="2019-11-19T11:03:23Z" duration-ms="5855" status="PASS">
          <reporter-output>
          </reporter-output>
        </test-method> <!-- launchFacebook -->
        <test-method is-config="true" signature="killBrowser()[pri:0, instance:SeleniumTopics.ChromeDriverServicesExample@37ceb1df]" started-at="2019-11-19T11:03:23Z" name="killBrowser" finished-at="2019-11-19T11:03:23Z" duration-ms="85" status="PASS">
          <reporter-output>
          </reporter-output>
        </test-method> <!-- killBrowser -->
        <test-method is-config="true" signature="startBrowser()[pri:0, instance:SeleniumTopics.ChromeDriverServicesExample@37ceb1df]" started-at="2019-11-19T11:03:23Z" name="startBrowser" finished-at="2019-11-19T11:03:25Z" duration-ms="1933" status="PASS">
          <reporter-output>
          </reporter-output>
        </test-method> <!-- startBrowser -->
        <test-method signature="launchGoogle()[pri:0, instance:SeleniumTopics.ChromeDriverServicesExample@37ceb1df]" started-at="2019-11-19T11:03:25Z" name="launchGoogle" finished-at="2019-11-19T11:03:26Z" duration-ms="1376" status="PASS">
          <reporter-output>
          </reporter-output>
        </test-method> <!-- launchGoogle -->
        <test-method is-config="true" signature="killBrowser()[pri:0, instance:SeleniumTopics.ChromeDriverServicesExample@37ceb1df]" started-at="2019-11-19T11:03:26Z" name="killBrowser" finished-at="2019-11-19T11:03:27Z" duration-ms="106" status="PASS">
          <reporter-output>
          </reporter-output>
        </test-method> <!-- killBrowser -->
        <test-method is-config="true" signature="stopServices()[pri:0, instance:SeleniumTopics.ChromeDriverServicesExample@37ceb1df]" started-at="2019-11-19T11:03:27Z" name="stopServices" finished-at="2019-11-19T11:03:27Z" duration-ms="749" status="PASS">
          <reporter-output>
          </reporter-output>
        </test-method> <!-- stopServices -->
      </class> <!-- SeleniumTopics.ChromeDriverServicesExample -->
    </test> <!-- Default test -->
  </suite> <!-- Default suite -->
</testng-results>
